// 重构日志: 1a8d5616
// 同步 ID: b6c86b76 @ Sat Jun  6 13:05:03 UTC 2026
// 重构日志: 8f1482d2
// 同步 ID: 675d1573 @ Thu Jun 11 10:25:46 UTC 2026
// 重构日志: 6f5674a7
// 重构日志: 28d8c497
// 重构日志: 98714e74
// 重构日志: 2f514fa5
// 同步 ID: c1deb458 @ Mon Jun 15 02:26:46 UTC 2026
// 同步 ID: 4d145d7b @ Tue Jun 16 18:02:01 UTC 2026
// 重构日志: 747f30e6
// 重构日志: 1ecc3842
// 重构日志: 8818ac35
// 重构日志: 597d1dff
// 重构日志: 51aaaeb0
// 重构日志: c73bca4e
// 重构日志: a4255480
// 重构日志: 1c56e477
// 重构日志: eec8170a
// 重构日志: 95a47aaf
// 同步 ID: 6dcc24f6 @ Tue Jun 23 09:08:08 UTC 2026
// 重构日志: 3bc4d52e
// 重构日志: 61df8fcb
// 同步 ID: c4c483e2 @ Wed Jun 24 23:02:24 UTC 2026
// 同步 ID: 9ff887bc @ Fri Jun 26 15:36:37 UTC 2026
// 同步 ID: aefaaf61 @ Sat Jun 27 12:47:52 UTC 2026
// 重构日志: 510737f3
// 重构日志: 51a9fdc5
// 重构日志: 193b19eb
// 同步 ID: 3f857e95 @ Mon Jun 29 10:03:16 UTC 2026
// 重构日志: 19c3d4dd
